<?xml version="1.0" encoding="UTF-8"?>
<!-- Generated by org.testng.reporters.JUnitReportReporter -->
<testsuite skipped="0" hostname="DESKTOP" name="com.testCases.LoginTest" tests="1" failures="0" timestamp="07 Dec 2020 18:24:51 GMT" time="1.484" errors="0">
  <testcase name="login" time="1.484" classname="com.testCases.LoginTest"/>
</testsuite> <!-- com.testCases.LoginTest -->
