<?xml version="1.0" encoding="UTF-8"?>
<!-- Generated by org.testng.reporters.JUnitReportReporter -->
<testsuite skipped="0" hostname="DESKTOP" name="com.testCases.LoginTest" tests="1" failures="0" timestamp="03 Dec 2020 18:11:43 GMT" time="0.568" errors="0">
  <testcase name="login" time="0.568" classname="com.testCases.LoginTest"/>
</testsuite> <!-- com.testCases.LoginTest -->
