<?xml version="1.0" encoding="UTF-8"?>
<!-- Generated by org.testng.reporters.JUnitReportReporter -->
<testsuite skipped="0" hostname="DESKTOP" name="com.testCases.OrangeHrmLginTest" tests="1" failures="0" timestamp="04 Dec 2020 04:32:14 GMT" time="1.393" errors="0">
  <testcase name="login" time="1.393" classname="com.testCases.OrangeHrmLginTest"/>
</testsuite> <!-- com.testCases.OrangeHrmLginTest -->
